  main.cpp
C:\Users\Kenneth Tran\Documents\CSE 170\BasicOpenGLProject\BasicOpenGLProject\main.cpp(14,30): warning C4305: 'initializing': truncation from 'double' to 'float'
C:\Users\Kenneth Tran\Documents\CSE 170\BasicOpenGLProject\BasicOpenGLProject\main.cpp(15,30): warning C4305: 'initializing': truncation from 'double' to 'float'
C:\Users\Kenneth Tran\Documents\CSE 170\BasicOpenGLProject\BasicOpenGLProject\main.cpp(16,30): warning C4305: 'initializing': truncation from 'double' to 'float'
C:\Users\Kenneth Tran\Documents\CSE 170\BasicOpenGLProject\BasicOpenGLProject\main.cpp(18,28): warning C4305: 'initializing': truncation from 'double' to 'float'
C:\Users\Kenneth Tran\Documents\CSE 170\BasicOpenGLProject\BasicOpenGLProject\main.cpp(19,28): warning C4305: 'initializing': truncation from 'double' to 'float'
C:\Users\Kenneth Tran\Documents\CSE 170\BasicOpenGLProject\BasicOpenGLProject\main.cpp(31,31): warning C4305: 'initializing': truncation from 'double' to 'float'
C:\Users\Kenneth Tran\Documents\CSE 170\BasicOpenGLProject\BasicOpenGLProject\main.cpp(94,33): warning C4244: '=': conversion from 'double' to 'float', possible loss of data
C:\Users\Kenneth Tran\Documents\CSE 170\BasicOpenGLProject\BasicOpenGLProject\main.cpp(102,33): warning C4244: '=': conversion from 'double' to 'float', possible loss of data
C:\Users\Kenneth Tran\Documents\CSE 170\BasicOpenGLProject\BasicOpenGLProject\main.cpp(110,33): warning C4244: '=': conversion from 'double' to 'float', possible loss of data
C:\Users\Kenneth Tran\Documents\CSE 170\BasicOpenGLProject\BasicOpenGLProject\main.cpp(115,35): warning C4244: '=': conversion from 'double' to 'float', possible loss of data
C:\Users\Kenneth Tran\Documents\CSE 170\BasicOpenGLProject\BasicOpenGLProject\main.cpp(123,33): warning C4244: '=': conversion from 'double' to 'float', possible loss of data
C:\Users\Kenneth Tran\Documents\CSE 170\BasicOpenGLProject\BasicOpenGLProject\main.cpp(131,35): warning C4244: '=': conversion from 'double' to 'float', possible loss of data
C:\Users\Kenneth Tran\Documents\CSE 170\BasicOpenGLProject\BasicOpenGLProject\main.cpp(139,33): warning C4244: '=': conversion from 'double' to 'float', possible loss of data
C:\Users\Kenneth Tran\Documents\CSE 170\BasicOpenGLProject\BasicOpenGLProject\main.cpp(143,33): warning C4244: '=': conversion from 'double' to 'float', possible loss of data
C:\Users\Kenneth Tran\Documents\CSE 170\BasicOpenGLProject\BasicOpenGLProject\main.cpp(279,32): warning C4244: 'argument': conversion from 'double' to 'GLfloat', possible loss of data
C:\Users\Kenneth Tran\Documents\CSE 170\BasicOpenGLProject\BasicOpenGLProject\main.cpp(278,42): warning C4244: 'argument': conversion from 'double' to 'GLfloat', possible loss of data
C:\Users\Kenneth Tran\Documents\CSE 170\BasicOpenGLProject\BasicOpenGLProject\main.cpp(281,31): warning C4244: 'argument': conversion from 'double' to 'GLfloat', possible loss of data
C:\Users\Kenneth Tran\Documents\CSE 170\BasicOpenGLProject\BasicOpenGLProject\main.cpp(280,42): warning C4244: 'argument': conversion from 'double' to 'GLfloat', possible loss of data
C:\Users\Kenneth Tran\Documents\CSE 170\BasicOpenGLProject\BasicOpenGLProject\main.cpp(283,32): warning C4244: 'argument': conversion from 'double' to 'GLfloat', possible loss of data
C:\Users\Kenneth Tran\Documents\CSE 170\BasicOpenGLProject\BasicOpenGLProject\main.cpp(282,40): warning C4244: 'argument': conversion from 'double' to 'GLfloat', possible loss of data
C:\Users\Kenneth Tran\Documents\CSE 170\BasicOpenGLProject\BasicOpenGLProject\main.cpp(289,32): warning C4244: 'argument': conversion from 'double' to 'GLfloat', possible loss of data
C:\Users\Kenneth Tran\Documents\CSE 170\BasicOpenGLProject\BasicOpenGLProject\main.cpp(288,40): warning C4244: 'argument': conversion from 'double' to 'GLfloat', possible loss of data
C:\Users\Kenneth Tran\Documents\CSE 170\BasicOpenGLProject\BasicOpenGLProject\main.cpp(291,31): warning C4244: 'argument': conversion from 'double' to 'GLfloat', possible loss of data
C:\Users\Kenneth Tran\Documents\CSE 170\BasicOpenGLProject\BasicOpenGLProject\main.cpp(290,40): warning C4244: 'argument': conversion from 'double' to 'GLfloat', possible loss of data
C:\Users\Kenneth Tran\Documents\CSE 170\BasicOpenGLProject\BasicOpenGLProject\main.cpp(293,31): warning C4244: 'argument': conversion from 'double' to 'GLfloat', possible loss of data
C:\Users\Kenneth Tran\Documents\CSE 170\BasicOpenGLProject\BasicOpenGLProject\main.cpp(292,42): warning C4244: 'argument': conversion from 'double' to 'GLfloat', possible loss of data
C:\Users\Kenneth Tran\Documents\CSE 170\BasicOpenGLProject\BasicOpenGLProject\main.cpp(301,34): warning C4244: 'argument': conversion from 'double' to 'GLfloat', possible loss of data
C:\Users\Kenneth Tran\Documents\CSE 170\BasicOpenGLProject\BasicOpenGLProject\main.cpp(300,42): warning C4244: 'argument': conversion from 'double' to 'GLfloat', possible loss of data
C:\Users\Kenneth Tran\Documents\CSE 170\BasicOpenGLProject\BasicOpenGLProject\main.cpp(303,34): warning C4244: 'argument': conversion from 'double' to 'GLfloat', possible loss of data
C:\Users\Kenneth Tran\Documents\CSE 170\BasicOpenGLProject\BasicOpenGLProject\main.cpp(302,42): warning C4244: 'argument': conversion from 'double' to 'GLfloat', possible loss of data
C:\Users\Kenneth Tran\Documents\CSE 170\BasicOpenGLProject\BasicOpenGLProject\main.cpp(305,34): warning C4244: 'argument': conversion from 'double' to 'GLfloat', possible loss of data
C:\Users\Kenneth Tran\Documents\CSE 170\BasicOpenGLProject\BasicOpenGLProject\main.cpp(304,40): warning C4244: 'argument': conversion from 'double' to 'GLfloat', possible loss of data
C:\Users\Kenneth Tran\Documents\CSE 170\BasicOpenGLProject\BasicOpenGLProject\main.cpp(311,34): warning C4244: 'argument': conversion from 'double' to 'GLfloat', possible loss of data
C:\Users\Kenneth Tran\Documents\CSE 170\BasicOpenGLProject\BasicOpenGLProject\main.cpp(310,40): warning C4244: 'argument': conversion from 'double' to 'GLfloat', possible loss of data
C:\Users\Kenneth Tran\Documents\CSE 170\BasicOpenGLProject\BasicOpenGLProject\main.cpp(313,32): warning C4244: 'argument': conversion from 'double' to 'GLfloat', possible loss of data
C:\Users\Kenneth Tran\Documents\CSE 170\BasicOpenGLProject\BasicOpenGLProject\main.cpp(312,40): warning C4244: 'argument': conversion from 'double' to 'GLfloat', possible loss of data
C:\Users\Kenneth Tran\Documents\CSE 170\BasicOpenGLProject\BasicOpenGLProject\main.cpp(315,34): warning C4244: 'argument': conversion from 'double' to 'GLfloat', possible loss of data
C:\Users\Kenneth Tran\Documents\CSE 170\BasicOpenGLProject\BasicOpenGLProject\main.cpp(314,42): warning C4244: 'argument': conversion from 'double' to 'GLfloat', possible loss of data
C:\Users\Kenneth Tran\Documents\CSE 170\BasicOpenGLProject\BasicOpenGLProject\main.cpp(323,34): warning C4244: 'argument': conversion from 'double' to 'GLfloat', possible loss of data
C:\Users\Kenneth Tran\Documents\CSE 170\BasicOpenGLProject\BasicOpenGLProject\main.cpp(322,42): warning C4244: 'argument': conversion from 'double' to 'GLfloat', possible loss of data
C:\Users\Kenneth Tran\Documents\CSE 170\BasicOpenGLProject\BasicOpenGLProject\main.cpp(325,34): warning C4244: 'argument': conversion from 'double' to 'GLfloat', possible loss of data
C:\Users\Kenneth Tran\Documents\CSE 170\BasicOpenGLProject\BasicOpenGLProject\main.cpp(324,42): warning C4244: 'argument': conversion from 'double' to 'GLfloat', possible loss of data
C:\Users\Kenneth Tran\Documents\CSE 170\BasicOpenGLProject\BasicOpenGLProject\main.cpp(327,31): warning C4244: 'argument': conversion from 'double' to 'GLfloat', possible loss of data
C:\Users\Kenneth Tran\Documents\CSE 170\BasicOpenGLProject\BasicOpenGLProject\main.cpp(326,42): warning C4244: 'argument': conversion from 'double' to 'GLfloat', possible loss of data
C:\Users\Kenneth Tran\Documents\CSE 170\BasicOpenGLProject\BasicOpenGLProject\main.cpp(333,31): warning C4244: 'argument': conversion from 'double' to 'GLfloat', possible loss of data
C:\Users\Kenneth Tran\Documents\CSE 170\BasicOpenGLProject\BasicOpenGLProject\main.cpp(332,42): warning C4244: 'argument': conversion from 'double' to 'GLfloat', possible loss of data
C:\Users\Kenneth Tran\Documents\CSE 170\BasicOpenGLProject\BasicOpenGLProject\main.cpp(335,31): warning C4244: 'argument': conversion from 'double' to 'GLfloat', possible loss of data
C:\Users\Kenneth Tran\Documents\CSE 170\BasicOpenGLProject\BasicOpenGLProject\main.cpp(334,42): warning C4244: 'argument': conversion from 'double' to 'GLfloat', possible loss of data
C:\Users\Kenneth Tran\Documents\CSE 170\BasicOpenGLProject\BasicOpenGLProject\main.cpp(337,34): warning C4244: 'argument': conversion from 'double' to 'GLfloat', possible loss of data
C:\Users\Kenneth Tran\Documents\CSE 170\BasicOpenGLProject\BasicOpenGLProject\main.cpp(336,42): warning C4244: 'argument': conversion from 'double' to 'GLfloat', possible loss of data
C:\Users\Kenneth Tran\Documents\CSE 170\BasicOpenGLProject\BasicOpenGLProject\main.cpp(345,34): warning C4244: 'argument': conversion from 'double' to 'GLfloat', possible loss of data
C:\Users\Kenneth Tran\Documents\CSE 170\BasicOpenGLProject\BasicOpenGLProject\main.cpp(344,40): warning C4244: 'argument': conversion from 'double' to 'GLfloat', possible loss of data
C:\Users\Kenneth Tran\Documents\CSE 170\BasicOpenGLProject\BasicOpenGLProject\main.cpp(347,34): warning C4244: 'argument': conversion from 'double' to 'GLfloat', possible loss of data
C:\Users\Kenneth Tran\Documents\CSE 170\BasicOpenGLProject\BasicOpenGLProject\main.cpp(346,40): warning C4244: 'argument': conversion from 'double' to 'GLfloat', possible loss of data
C:\Users\Kenneth Tran\Documents\CSE 170\BasicOpenGLProject\BasicOpenGLProject\main.cpp(349,31): warning C4244: 'argument': conversion from 'double' to 'GLfloat', possible loss of data
C:\Users\Kenneth Tran\Documents\CSE 170\BasicOpenGLProject\BasicOpenGLProject\main.cpp(348,40): warning C4244: 'argument': conversion from 'double' to 'GLfloat', possible loss of data
C:\Users\Kenneth Tran\Documents\CSE 170\BasicOpenGLProject\BasicOpenGLProject\main.cpp(355,31): warning C4244: 'argument': conversion from 'double' to 'GLfloat', possible loss of data
C:\Users\Kenneth Tran\Documents\CSE 170\BasicOpenGLProject\BasicOpenGLProject\main.cpp(354,40): warning C4244: 'argument': conversion from 'double' to 'GLfloat', possible loss of data
C:\Users\Kenneth Tran\Documents\CSE 170\BasicOpenGLProject\BasicOpenGLProject\main.cpp(357,31): warning C4244: 'argument': conversion from 'double' to 'GLfloat', possible loss of data
C:\Users\Kenneth Tran\Documents\CSE 170\BasicOpenGLProject\BasicOpenGLProject\main.cpp(356,40): warning C4244: 'argument': conversion from 'double' to 'GLfloat', possible loss of data
C:\Users\Kenneth Tran\Documents\CSE 170\BasicOpenGLProject\BasicOpenGLProject\main.cpp(359,34): warning C4244: 'argument': conversion from 'double' to 'GLfloat', possible loss of data
C:\Users\Kenneth Tran\Documents\CSE 170\BasicOpenGLProject\BasicOpenGLProject\main.cpp(358,40): warning C4244: 'argument': conversion from 'double' to 'GLfloat', possible loss of data
C:\Users\Kenneth Tran\Documents\CSE 170\BasicOpenGLProject\BasicOpenGLProject\main.cpp(368,31): warning C4244: 'argument': conversion from 'double' to 'GLfloat', possible loss of data
C:\Users\Kenneth Tran\Documents\CSE 170\BasicOpenGLProject\BasicOpenGLProject\main.cpp(367,56): warning C4244: 'argument': conversion from 'double' to 'GLfloat', possible loss of data
C:\Users\Kenneth Tran\Documents\CSE 170\BasicOpenGLProject\BasicOpenGLProject\main.cpp(370,31): warning C4244: 'argument': conversion from 'double' to 'GLfloat', possible loss of data
C:\Users\Kenneth Tran\Documents\CSE 170\BasicOpenGLProject\BasicOpenGLProject\main.cpp(369,58): warning C4244: 'argument': conversion from 'double' to 'GLfloat', possible loss of data
C:\Users\Kenneth Tran\Documents\CSE 170\BasicOpenGLProject\BasicOpenGLProject\main.cpp(372,30): warning C4244: 'argument': conversion from 'double' to 'GLfloat', possible loss of data
C:\Users\Kenneth Tran\Documents\CSE 170\BasicOpenGLProject\BasicOpenGLProject\main.cpp(371,58): warning C4244: 'argument': conversion from 'double' to 'GLfloat', possible loss of data
C:\Users\Kenneth Tran\Documents\CSE 170\BasicOpenGLProject\BasicOpenGLProject\main.cpp(379,30): warning C4244: 'argument': conversion from 'double' to 'GLfloat', possible loss of data
C:\Users\Kenneth Tran\Documents\CSE 170\BasicOpenGLProject\BasicOpenGLProject\main.cpp(378,55): warning C4244: 'argument': conversion from 'double' to 'GLfloat', possible loss of data
C:\Users\Kenneth Tran\Documents\CSE 170\BasicOpenGLProject\BasicOpenGLProject\main.cpp(381,30): warning C4244: 'argument': conversion from 'double' to 'GLfloat', possible loss of data
C:\Users\Kenneth Tran\Documents\CSE 170\BasicOpenGLProject\BasicOpenGLProject\main.cpp(380,55): warning C4244: 'argument': conversion from 'double' to 'GLfloat', possible loss of data
C:\Users\Kenneth Tran\Documents\CSE 170\BasicOpenGLProject\BasicOpenGLProject\main.cpp(383,30): warning C4244: 'argument': conversion from 'double' to 'GLfloat', possible loss of data
C:\Users\Kenneth Tran\Documents\CSE 170\BasicOpenGLProject\BasicOpenGLProject\main.cpp(382,57): warning C4244: 'argument': conversion from 'double' to 'GLfloat', possible loss of data
C:\Users\Kenneth Tran\Documents\CSE 170\BasicOpenGLProject\BasicOpenGLProject\main.cpp(390,31): warning C4244: 'argument': conversion from 'double' to 'GLfloat', possible loss of data
C:\Users\Kenneth Tran\Documents\CSE 170\BasicOpenGLProject\BasicOpenGLProject\main.cpp(389,57): warning C4244: 'argument': conversion from 'double' to 'GLfloat', possible loss of data
C:\Users\Kenneth Tran\Documents\CSE 170\BasicOpenGLProject\BasicOpenGLProject\main.cpp(392,31): warning C4244: 'argument': conversion from 'double' to 'GLfloat', possible loss of data
C:\Users\Kenneth Tran\Documents\CSE 170\BasicOpenGLProject\BasicOpenGLProject\main.cpp(391,56): warning C4244: 'argument': conversion from 'double' to 'GLfloat', possible loss of data
C:\Users\Kenneth Tran\Documents\CSE 170\BasicOpenGLProject\BasicOpenGLProject\main.cpp(394,31): warning C4244: 'argument': conversion from 'double' to 'GLfloat', possible loss of data
C:\Users\Kenneth Tran\Documents\CSE 170\BasicOpenGLProject\BasicOpenGLProject\main.cpp(393,56): warning C4244: 'argument': conversion from 'double' to 'GLfloat', possible loss of data
C:\Users\Kenneth Tran\Documents\CSE 170\BasicOpenGLProject\BasicOpenGLProject\main.cpp(401,31): warning C4244: 'argument': conversion from 'double' to 'GLfloat', possible loss of data
C:\Users\Kenneth Tran\Documents\CSE 170\BasicOpenGLProject\BasicOpenGLProject\main.cpp(400,56): warning C4244: 'argument': conversion from 'double' to 'GLfloat', possible loss of data
C:\Users\Kenneth Tran\Documents\CSE 170\BasicOpenGLProject\BasicOpenGLProject\main.cpp(403,30): warning C4244: 'argument': conversion from 'double' to 'GLfloat', possible loss of data
C:\Users\Kenneth Tran\Documents\CSE 170\BasicOpenGLProject\BasicOpenGLProject\main.cpp(402,56): warning C4244: 'argument': conversion from 'double' to 'GLfloat', possible loss of data
C:\Users\Kenneth Tran\Documents\CSE 170\BasicOpenGLProject\BasicOpenGLProject\main.cpp(405,31): warning C4244: 'argument': conversion from 'double' to 'GLfloat', possible loss of data
C:\Users\Kenneth Tran\Documents\CSE 170\BasicOpenGLProject\BasicOpenGLProject\main.cpp(404,57): warning C4244: 'argument': conversion from 'double' to 'GLfloat', possible loss of data
C:\Users\Kenneth Tran\Documents\CSE 170\BasicOpenGLProject\BasicOpenGLProject\main.cpp(416,30): warning C4244: 'argument': conversion from 'double' to 'GLfloat', possible loss of data
C:\Users\Kenneth Tran\Documents\CSE 170\BasicOpenGLProject\BasicOpenGLProject\main.cpp(415,56): warning C4244: 'argument': conversion from 'double' to 'GLfloat', possible loss of data
C:\Users\Kenneth Tran\Documents\CSE 170\BasicOpenGLProject\BasicOpenGLProject\main.cpp(418,30): warning C4244: 'argument': conversion from 'double' to 'GLfloat', possible loss of data
C:\Users\Kenneth Tran\Documents\CSE 170\BasicOpenGLProject\BasicOpenGLProject\main.cpp(417,58): warning C4244: 'argument': conversion from 'double' to 'GLfloat', possible loss of data
C:\Users\Kenneth Tran\Documents\CSE 170\BasicOpenGLProject\BasicOpenGLProject\main.cpp(420,30): warning C4244: 'argument': conversion from 'double' to 'GLfloat', possible loss of data
C:\Users\Kenneth Tran\Documents\CSE 170\BasicOpenGLProject\BasicOpenGLProject\main.cpp(419,58): warning C4244: 'argument': conversion from 'double' to 'GLfloat', possible loss of data
C:\Users\Kenneth Tran\Documents\CSE 170\BasicOpenGLProject\BasicOpenGLProject\main.cpp(426,30): warning C4244: 'argument': conversion from 'double' to 'GLfloat', possible loss of data
C:\Users\Kenneth Tran\Documents\CSE 170\BasicOpenGLProject\BasicOpenGLProject\main.cpp(425,56): warning C4244: 'argument': conversion from 'double' to 'GLfloat', possible loss of data
C:\Users\Kenneth Tran\Documents\CSE 170\BasicOpenGLProject\BasicOpenGLProject\main.cpp(428,30): warning C4244: 'argument': conversion from 'double' to 'GLfloat', possible loss of data
C:\Users\Kenneth Tran\Documents\CSE 170\BasicOpenGLProject\BasicOpenGLProject\main.cpp(427,56): warning C4244: 'argument': conversion from 'double' to 'GLfloat', possible loss of data
C:\Users\Kenneth Tran\Documents\CSE 170\BasicOpenGLProject\BasicOpenGLProject\main.cpp(430,30): warning C4244: 'argument': conversion from 'double' to 'GLfloat', possible loss of data
C:\Users\Kenneth Tran\Documents\CSE 170\BasicOpenGLProject\BasicOpenGLProject\main.cpp(429,58): warning C4244: 'argument': conversion from 'double' to 'GLfloat', possible loss of data
C:\Users\Kenneth Tran\Documents\CSE 170\BasicOpenGLProject\BasicOpenGLProject\main.cpp(437,30): warning C4244: 'argument': conversion from 'double' to 'GLfloat', possible loss of data
C:\Users\Kenneth Tran\Documents\CSE 170\BasicOpenGLProject\BasicOpenGLProject\main.cpp(436,58): warning C4244: 'argument': conversion from 'double' to 'GLfloat', possible loss of data
C:\Users\Kenneth Tran\Documents\CSE 170\BasicOpenGLProject\BasicOpenGLProject\main.cpp(439,32): warning C4244: 'argument': conversion from 'double' to 'GLfloat', possible loss of data
C:\Users\Kenneth Tran\Documents\CSE 170\BasicOpenGLProject\BasicOpenGLProject\main.cpp(438,58): warning C4244: 'argument': conversion from 'double' to 'GLfloat', possible loss of data
C:\Users\Kenneth Tran\Documents\CSE 170\BasicOpenGLProject\BasicOpenGLProject\main.cpp(441,30): warning C4244: 'argument': conversion from 'double' to 'GLfloat', possible loss of data
C:\Users\Kenneth Tran\Documents\CSE 170\BasicOpenGLProject\BasicOpenGLProject\main.cpp(440,57): warning C4244: 'argument': conversion from 'double' to 'GLfloat', possible loss of data
C:\Users\Kenneth Tran\Documents\CSE 170\BasicOpenGLProject\BasicOpenGLProject\main.cpp(448,32): warning C4244: 'argument': conversion from 'double' to 'GLfloat', possible loss of data
C:\Users\Kenneth Tran\Documents\CSE 170\BasicOpenGLProject\BasicOpenGLProject\main.cpp(447,58): warning C4244: 'argument': conversion from 'double' to 'GLfloat', possible loss of data
C:\Users\Kenneth Tran\Documents\CSE 170\BasicOpenGLProject\BasicOpenGLProject\main.cpp(450,32): warning C4244: 'argument': conversion from 'double' to 'GLfloat', possible loss of data
C:\Users\Kenneth Tran\Documents\CSE 170\BasicOpenGLProject\BasicOpenGLProject\main.cpp(449,57): warning C4244: 'argument': conversion from 'double' to 'GLfloat', possible loss of data
C:\Users\Kenneth Tran\Documents\CSE 170\BasicOpenGLProject\BasicOpenGLProject\main.cpp(452,30): warning C4244: 'argument': conversion from 'double' to 'GLfloat', possible loss of data
C:\Users\Kenneth Tran\Documents\CSE 170\BasicOpenGLProject\BasicOpenGLProject\main.cpp(451,57): warning C4244: 'argument': conversion from 'double' to 'GLfloat', possible loss of data
C:\Users\Kenneth Tran\Documents\CSE 170\BasicOpenGLProject\BasicOpenGLProject\main.cpp(459,30): warning C4244: 'argument': conversion from 'double' to 'GLfloat', possible loss of data
C:\Users\Kenneth Tran\Documents\CSE 170\BasicOpenGLProject\BasicOpenGLProject\main.cpp(458,58): warning C4244: 'argument': conversion from 'double' to 'GLfloat', possible loss of data
C:\Users\Kenneth Tran\Documents\CSE 170\BasicOpenGLProject\BasicOpenGLProject\main.cpp(461,32): warning C4244: 'argument': conversion from 'double' to 'GLfloat', possible loss of data
C:\Users\Kenneth Tran\Documents\CSE 170\BasicOpenGLProject\BasicOpenGLProject\main.cpp(460,58): warning C4244: 'argument': conversion from 'double' to 'GLfloat', possible loss of data
C:\Users\Kenneth Tran\Documents\CSE 170\BasicOpenGLProject\BasicOpenGLProject\main.cpp(463,30): warning C4244: 'argument': conversion from 'double' to 'GLfloat', possible loss of data
C:\Users\Kenneth Tran\Documents\CSE 170\BasicOpenGLProject\BasicOpenGLProject\main.cpp(462,57): warning C4244: 'argument': conversion from 'double' to 'GLfloat', possible loss of data
C:\Users\Kenneth Tran\Documents\CSE 170\BasicOpenGLProject\BasicOpenGLProject\main.cpp(470,32): warning C4244: 'argument': conversion from 'double' to 'GLfloat', possible loss of data
C:\Users\Kenneth Tran\Documents\CSE 170\BasicOpenGLProject\BasicOpenGLProject\main.cpp(469,58): warning C4244: 'argument': conversion from 'double' to 'GLfloat', possible loss of data
C:\Users\Kenneth Tran\Documents\CSE 170\BasicOpenGLProject\BasicOpenGLProject\main.cpp(472,32): warning C4244: 'argument': conversion from 'double' to 'GLfloat', possible loss of data
C:\Users\Kenneth Tran\Documents\CSE 170\BasicOpenGLProject\BasicOpenGLProject\main.cpp(471,57): warning C4244: 'argument': conversion from 'double' to 'GLfloat', possible loss of data
C:\Users\Kenneth Tran\Documents\CSE 170\BasicOpenGLProject\BasicOpenGLProject\main.cpp(474,30): warning C4244: 'argument': conversion from 'double' to 'GLfloat', possible loss of data
C:\Users\Kenneth Tran\Documents\CSE 170\BasicOpenGLProject\BasicOpenGLProject\main.cpp(473,57): warning C4244: 'argument': conversion from 'double' to 'GLfloat', possible loss of data
C:\Users\Kenneth Tran\Documents\CSE 170\BasicOpenGLProject\BasicOpenGLProject\main.cpp(481,32): warning C4244: 'argument': conversion from 'double' to 'GLfloat', possible loss of data
C:\Users\Kenneth Tran\Documents\CSE 170\BasicOpenGLProject\BasicOpenGLProject\main.cpp(480,58): warning C4244: 'argument': conversion from 'double' to 'GLfloat', possible loss of data
C:\Users\Kenneth Tran\Documents\CSE 170\BasicOpenGLProject\BasicOpenGLProject\main.cpp(483,32): warning C4244: 'argument': conversion from 'double' to 'GLfloat', possible loss of data
C:\Users\Kenneth Tran\Documents\CSE 170\BasicOpenGLProject\BasicOpenGLProject\main.cpp(482,58): warning C4244: 'argument': conversion from 'double' to 'GLfloat', possible loss of data
C:\Users\Kenneth Tran\Documents\CSE 170\BasicOpenGLProject\BasicOpenGLProject\main.cpp(485,32): warning C4244: 'argument': conversion from 'double' to 'GLfloat', possible loss of data
C:\Users\Kenneth Tran\Documents\CSE 170\BasicOpenGLProject\BasicOpenGLProject\main.cpp(484,57): warning C4244: 'argument': conversion from 'double' to 'GLfloat', possible loss of data
C:\Users\Kenneth Tran\Documents\CSE 170\BasicOpenGLProject\BasicOpenGLProject\main.cpp(492,32): warning C4244: 'argument': conversion from 'double' to 'GLfloat', possible loss of data
C:\Users\Kenneth Tran\Documents\CSE 170\BasicOpenGLProject\BasicOpenGLProject\main.cpp(491,58): warning C4244: 'argument': conversion from 'double' to 'GLfloat', possible loss of data
C:\Users\Kenneth Tran\Documents\CSE 170\BasicOpenGLProject\BasicOpenGLProject\main.cpp(494,32): warning C4244: 'argument': conversion from 'double' to 'GLfloat', possible loss of data
C:\Users\Kenneth Tran\Documents\CSE 170\BasicOpenGLProject\BasicOpenGLProject\main.cpp(493,57): warning C4244: 'argument': conversion from 'double' to 'GLfloat', possible loss of data
C:\Users\Kenneth Tran\Documents\CSE 170\BasicOpenGLProject\BasicOpenGLProject\main.cpp(496,32): warning C4244: 'argument': conversion from 'double' to 'GLfloat', possible loss of data
C:\Users\Kenneth Tran\Documents\CSE 170\BasicOpenGLProject\BasicOpenGLProject\main.cpp(495,57): warning C4244: 'argument': conversion from 'double' to 'GLfloat', possible loss of data
C:\Users\Kenneth Tran\Documents\CSE 170\BasicOpenGLProject\BasicOpenGLProject\main.cpp(506,30): warning C4244: 'argument': conversion from 'double' to 'GLfloat', possible loss of data
C:\Users\Kenneth Tran\Documents\CSE 170\BasicOpenGLProject\BasicOpenGLProject\main.cpp(505,56): warning C4244: 'argument': conversion from 'double' to 'GLfloat', possible loss of data
C:\Users\Kenneth Tran\Documents\CSE 170\BasicOpenGLProject\BasicOpenGLProject\main.cpp(508,30): warning C4244: 'argument': conversion from 'double' to 'GLfloat', possible loss of data
C:\Users\Kenneth Tran\Documents\CSE 170\BasicOpenGLProject\BasicOpenGLProject\main.cpp(507,58): warning C4244: 'argument': conversion from 'double' to 'GLfloat', possible loss of data
C:\Users\Kenneth Tran\Documents\CSE 170\BasicOpenGLProject\BasicOpenGLProject\main.cpp(510,30): warning C4244: 'argument': conversion from 'double' to 'GLfloat', possible loss of data
C:\Users\Kenneth Tran\Documents\CSE 170\BasicOpenGLProject\BasicOpenGLProject\main.cpp(509,58): warning C4244: 'argument': conversion from 'double' to 'GLfloat', possible loss of data
C:\Users\Kenneth Tran\Documents\CSE 170\BasicOpenGLProject\BasicOpenGLProject\main.cpp(517,30): warning C4244: 'argument': conversion from 'double' to 'GLfloat', possible loss of data
C:\Users\Kenneth Tran\Documents\CSE 170\BasicOpenGLProject\BasicOpenGLProject\main.cpp(516,56): warning C4244: 'argument': conversion from 'double' to 'GLfloat', possible loss of data
C:\Users\Kenneth Tran\Documents\CSE 170\BasicOpenGLProject\BasicOpenGLProject\main.cpp(519,30): warning C4244: 'argument': conversion from 'double' to 'GLfloat', possible loss of data
C:\Users\Kenneth Tran\Documents\CSE 170\BasicOpenGLProject\BasicOpenGLProject\main.cpp(518,56): warning C4244: 'argument': conversion from 'double' to 'GLfloat', possible loss of data
C:\Users\Kenneth Tran\Documents\CSE 170\BasicOpenGLProject\BasicOpenGLProject\main.cpp(521,30): warning C4244: 'argument': conversion from 'double' to 'GLfloat', possible loss of data
C:\Users\Kenneth Tran\Documents\CSE 170\BasicOpenGLProject\BasicOpenGLProject\main.cpp(520,58): warning C4244: 'argument': conversion from 'double' to 'GLfloat', possible loss of data
C:\Users\Kenneth Tran\Documents\CSE 170\BasicOpenGLProject\BasicOpenGLProject\main.cpp(528,30): warning C4244: 'argument': conversion from 'double' to 'GLfloat', possible loss of data
C:\Users\Kenneth Tran\Documents\CSE 170\BasicOpenGLProject\BasicOpenGLProject\main.cpp(527,56): warning C4244: 'argument': conversion from 'double' to 'GLfloat', possible loss of data
C:\Users\Kenneth Tran\Documents\CSE 170\BasicOpenGLProject\BasicOpenGLProject\main.cpp(530,30): warning C4244: 'argument': conversion from 'double' to 'GLfloat', possible loss of data
C:\Users\Kenneth Tran\Documents\CSE 170\BasicOpenGLProject\BasicOpenGLProject\main.cpp(529,58): warning C4244: 'argument': conversion from 'double' to 'GLfloat', possible loss of data
C:\Users\Kenneth Tran\Documents\CSE 170\BasicOpenGLProject\BasicOpenGLProject\main.cpp(532,30): warning C4244: 'argument': conversion from 'double' to 'GLfloat', possible loss of data
C:\Users\Kenneth Tran\Documents\CSE 170\BasicOpenGLProject\BasicOpenGLProject\main.cpp(531,58): warning C4244: 'argument': conversion from 'double' to 'GLfloat', possible loss of data
C:\Users\Kenneth Tran\Documents\CSE 170\BasicOpenGLProject\BasicOpenGLProject\main.cpp(539,30): warning C4244: 'argument': conversion from 'double' to 'GLfloat', possible loss of data
C:\Users\Kenneth Tran\Documents\CSE 170\BasicOpenGLProject\BasicOpenGLProject\main.cpp(538,56): warning C4244: 'argument': conversion from 'double' to 'GLfloat', possible loss of data
C:\Users\Kenneth Tran\Documents\CSE 170\BasicOpenGLProject\BasicOpenGLProject\main.cpp(541,30): warning C4244: 'argument': conversion from 'double' to 'GLfloat', possible loss of data
C:\Users\Kenneth Tran\Documents\CSE 170\BasicOpenGLProject\BasicOpenGLProject\main.cpp(540,56): warning C4244: 'argument': conversion from 'double' to 'GLfloat', possible loss of data
C:\Users\Kenneth Tran\Documents\CSE 170\BasicOpenGLProject\BasicOpenGLProject\main.cpp(543,30): warning C4244: 'argument': conversion from 'double' to 'GLfloat', possible loss of data
C:\Users\Kenneth Tran\Documents\CSE 170\BasicOpenGLProject\BasicOpenGLProject\main.cpp(542,58): warning C4244: 'argument': conversion from 'double' to 'GLfloat', possible loss of data
C:\Users\Kenneth Tran\Documents\CSE 170\BasicOpenGLProject\BasicOpenGLProject\main.cpp(550,31): warning C4244: 'argument': conversion from 'double' to 'GLfloat', possible loss of data
C:\Users\Kenneth Tran\Documents\CSE 170\BasicOpenGLProject\BasicOpenGLProject\main.cpp(549,58): warning C4244: 'argument': conversion from 'double' to 'GLfloat', possible loss of data
C:\Users\Kenneth Tran\Documents\CSE 170\BasicOpenGLProject\BasicOpenGLProject\main.cpp(552,30): warning C4244: 'argument': conversion from 'double' to 'GLfloat', possible loss of data
C:\Users\Kenneth Tran\Documents\CSE 170\BasicOpenGLProject\BasicOpenGLProject\main.cpp(551,58): warning C4244: 'argument': conversion from 'double' to 'GLfloat', possible loss of data
C:\Users\Kenneth Tran\Documents\CSE 170\BasicOpenGLProject\BasicOpenGLProject\main.cpp(554,30): warning C4244: 'argument': conversion from 'double' to 'GLfloat', possible loss of data
C:\Users\Kenneth Tran\Documents\CSE 170\BasicOpenGLProject\BasicOpenGLProject\main.cpp(553,56): warning C4244: 'argument': conversion from 'double' to 'GLfloat', possible loss of data
C:\Users\Kenneth Tran\Documents\CSE 170\BasicOpenGLProject\BasicOpenGLProject\main.cpp(561,31): warning C4244: 'argument': conversion from 'double' to 'GLfloat', possible loss of data
C:\Users\Kenneth Tran\Documents\CSE 170\BasicOpenGLProject\BasicOpenGLProject\main.cpp(560,56): warning C4244: 'argument': conversion from 'double' to 'GLfloat', possible loss of data
C:\Users\Kenneth Tran\Documents\CSE 170\BasicOpenGLProject\BasicOpenGLProject\main.cpp(563,30): warning C4244: 'argument': conversion from 'double' to 'GLfloat', possible loss of data
C:\Users\Kenneth Tran\Documents\CSE 170\BasicOpenGLProject\BasicOpenGLProject\main.cpp(562,58): warning C4244: 'argument': conversion from 'double' to 'GLfloat', possible loss of data
C:\Users\Kenneth Tran\Documents\CSE 170\BasicOpenGLProject\BasicOpenGLProject\main.cpp(565,30): warning C4244: 'argument': conversion from 'double' to 'GLfloat', possible loss of data
C:\Users\Kenneth Tran\Documents\CSE 170\BasicOpenGLProject\BasicOpenGLProject\main.cpp(564,56): warning C4244: 'argument': conversion from 'double' to 'GLfloat', possible loss of data
C:\Users\Kenneth Tran\Documents\CSE 170\BasicOpenGLProject\BasicOpenGLProject\main.cpp(577,30): warning C4244: 'argument': conversion from 'double' to 'GLfloat', possible loss of data
C:\Users\Kenneth Tran\Documents\CSE 170\BasicOpenGLProject\BasicOpenGLProject\main.cpp(576,56): warning C4244: 'argument': conversion from 'double' to 'GLfloat', possible loss of data
C:\Users\Kenneth Tran\Documents\CSE 170\BasicOpenGLProject\BasicOpenGLProject\main.cpp(579,30): warning C4244: 'argument': conversion from 'double' to 'GLfloat', possible loss of data
C:\Users\Kenneth Tran\Documents\CSE 170\BasicOpenGLProject\BasicOpenGLProject\main.cpp(578,58): warning C4244: 'argument': conversion from 'double' to 'GLfloat', possible loss of data
C:\Users\Kenneth Tran\Documents\CSE 170\BasicOpenGLProject\BasicOpenGLProject\main.cpp(581,30): warning C4244: 'argument': conversion from 'double' to 'GLfloat', possible loss of data
C:\Users\Kenneth Tran\Documents\CSE 170\BasicOpenGLProject\BasicOpenGLProject\main.cpp(580,58): warning C4244: 'argument': conversion from 'double' to 'GLfloat', possible loss of data
C:\Users\Kenneth Tran\Documents\CSE 170\BasicOpenGLProject\BasicOpenGLProject\main.cpp(588,30): warning C4244: 'argument': conversion from 'double' to 'GLfloat', possible loss of data
C:\Users\Kenneth Tran\Documents\CSE 170\BasicOpenGLProject\BasicOpenGLProject\main.cpp(587,56): warning C4244: 'argument': conversion from 'double' to 'GLfloat', possible loss of data
C:\Users\Kenneth Tran\Documents\CSE 170\BasicOpenGLProject\BasicOpenGLProject\main.cpp(590,30): warning C4244: 'argument': conversion from 'double' to 'GLfloat', possible loss of data
C:\Users\Kenneth Tran\Documents\CSE 170\BasicOpenGLProject\BasicOpenGLProject\main.cpp(589,56): warning C4244: 'argument': conversion from 'double' to 'GLfloat', possible loss of data
C:\Users\Kenneth Tran\Documents\CSE 170\BasicOpenGLProject\BasicOpenGLProject\main.cpp(592,30): warning C4244: 'argument': conversion from 'double' to 'GLfloat', possible loss of data
C:\Users\Kenneth Tran\Documents\CSE 170\BasicOpenGLProject\BasicOpenGLProject\main.cpp(591,58): warning C4244: 'argument': conversion from 'double' to 'GLfloat', possible loss of data
C:\Users\Kenneth Tran\Documents\CSE 170\BasicOpenGLProject\BasicOpenGLProject\main.cpp(599,30): warning C4244: 'argument': conversion from 'double' to 'GLfloat', possible loss of data
C:\Users\Kenneth Tran\Documents\CSE 170\BasicOpenGLProject\BasicOpenGLProject\main.cpp(598,56): warning C4244: 'argument': conversion from 'double' to 'GLfloat', possible loss of data
C:\Users\Kenneth Tran\Documents\CSE 170\BasicOpenGLProject\BasicOpenGLProject\main.cpp(601,30): warning C4244: 'argument': conversion from 'double' to 'GLfloat', possible loss of data
C:\Users\Kenneth Tran\Documents\CSE 170\BasicOpenGLProject\BasicOpenGLProject\main.cpp(600,58): warning C4244: 'argument': conversion from 'double' to 'GLfloat', possible loss of data
C:\Users\Kenneth Tran\Documents\CSE 170\BasicOpenGLProject\BasicOpenGLProject\main.cpp(603,30): warning C4244: 'argument': conversion from 'double' to 'GLfloat', possible loss of data
C:\Users\Kenneth Tran\Documents\CSE 170\BasicOpenGLProject\BasicOpenGLProject\main.cpp(602,58): warning C4244: 'argument': conversion from 'double' to 'GLfloat', possible loss of data
C:\Users\Kenneth Tran\Documents\CSE 170\BasicOpenGLProject\BasicOpenGLProject\main.cpp(610,30): warning C4244: 'argument': conversion from 'double' to 'GLfloat', possible loss of data
C:\Users\Kenneth Tran\Documents\CSE 170\BasicOpenGLProject\BasicOpenGLProject\main.cpp(609,56): warning C4244: 'argument': conversion from 'double' to 'GLfloat', possible loss of data
C:\Users\Kenneth Tran\Documents\CSE 170\BasicOpenGLProject\BasicOpenGLProject\main.cpp(612,30): warning C4244: 'argument': conversion from 'double' to 'GLfloat', possible loss of data
C:\Users\Kenneth Tran\Documents\CSE 170\BasicOpenGLProject\BasicOpenGLProject\main.cpp(611,56): warning C4244: 'argument': conversion from 'double' to 'GLfloat', possible loss of data
C:\Users\Kenneth Tran\Documents\CSE 170\BasicOpenGLProject\BasicOpenGLProject\main.cpp(614,30): warning C4244: 'argument': conversion from 'double' to 'GLfloat', possible loss of data
C:\Users\Kenneth Tran\Documents\CSE 170\BasicOpenGLProject\BasicOpenGLProject\main.cpp(613,58): warning C4244: 'argument': conversion from 'double' to 'GLfloat', possible loss of data
C:\Users\Kenneth Tran\Documents\CSE 170\BasicOpenGLProject\BasicOpenGLProject\main.cpp(621,31): warning C4244: 'argument': conversion from 'double' to 'GLfloat', possible loss of data
C:\Users\Kenneth Tran\Documents\CSE 170\BasicOpenGLProject\BasicOpenGLProject\main.cpp(620,58): warning C4244: 'argument': conversion from 'double' to 'GLfloat', possible loss of data
C:\Users\Kenneth Tran\Documents\CSE 170\BasicOpenGLProject\BasicOpenGLProject\main.cpp(623,30): warning C4244: 'argument': conversion from 'double' to 'GLfloat', possible loss of data
C:\Users\Kenneth Tran\Documents\CSE 170\BasicOpenGLProject\BasicOpenGLProject\main.cpp(622,58): warning C4244: 'argument': conversion from 'double' to 'GLfloat', possible loss of data
C:\Users\Kenneth Tran\Documents\CSE 170\BasicOpenGLProject\BasicOpenGLProject\main.cpp(625,30): warning C4244: 'argument': conversion from 'double' to 'GLfloat', possible loss of data
C:\Users\Kenneth Tran\Documents\CSE 170\BasicOpenGLProject\BasicOpenGLProject\main.cpp(624,56): warning C4244: 'argument': conversion from 'double' to 'GLfloat', possible loss of data
C:\Users\Kenneth Tran\Documents\CSE 170\BasicOpenGLProject\BasicOpenGLProject\main.cpp(632,31): warning C4244: 'argument': conversion from 'double' to 'GLfloat', possible loss of data
C:\Users\Kenneth Tran\Documents\CSE 170\BasicOpenGLProject\BasicOpenGLProject\main.cpp(631,56): warning C4244: 'argument': conversion from 'double' to 'GLfloat', possible loss of data
C:\Users\Kenneth Tran\Documents\CSE 170\BasicOpenGLProject\BasicOpenGLProject\main.cpp(634,30): warning C4244: 'argument': conversion from 'double' to 'GLfloat', possible loss of data
C:\Users\Kenneth Tran\Documents\CSE 170\BasicOpenGLProject\BasicOpenGLProject\main.cpp(633,58): warning C4244: 'argument': conversion from 'double' to 'GLfloat', possible loss of data
C:\Users\Kenneth Tran\Documents\CSE 170\BasicOpenGLProject\BasicOpenGLProject\main.cpp(636,30): warning C4244: 'argument': conversion from 'double' to 'GLfloat', possible loss of data
C:\Users\Kenneth Tran\Documents\CSE 170\BasicOpenGLProject\BasicOpenGLProject\main.cpp(635,56): warning C4244: 'argument': conversion from 'double' to 'GLfloat', possible loss of data
C:\Users\Kenneth Tran\Documents\CSE 170\BasicOpenGLProject\BasicOpenGLProject\main.cpp(647,30): warning C4244: 'argument': conversion from 'double' to 'GLfloat', possible loss of data
C:\Users\Kenneth Tran\Documents\CSE 170\BasicOpenGLProject\BasicOpenGLProject\main.cpp(646,56): warning C4244: 'argument': conversion from 'double' to 'GLfloat', possible loss of data
C:\Users\Kenneth Tran\Documents\CSE 170\BasicOpenGLProject\BasicOpenGLProject\main.cpp(649,30): warning C4244: 'argument': conversion from 'double' to 'GLfloat', possible loss of data
C:\Users\Kenneth Tran\Documents\CSE 170\BasicOpenGLProject\BasicOpenGLProject\main.cpp(648,58): warning C4244: 'argument': conversion from 'double' to 'GLfloat', possible loss of data
C:\Users\Kenneth Tran\Documents\CSE 170\BasicOpenGLProject\BasicOpenGLProject\main.cpp(651,30): warning C4244: 'argument': conversion from 'double' to 'GLfloat', possible loss of data
C:\Users\Kenneth Tran\Documents\CSE 170\BasicOpenGLProject\BasicOpenGLProject\main.cpp(650,58): warning C4244: 'argument': conversion from 'double' to 'GLfloat', possible loss of data
C:\Users\Kenneth Tran\Documents\CSE 170\BasicOpenGLProject\BasicOpenGLProject\main.cpp(657,30): warning C4244: 'argument': conversion from 'double' to 'GLfloat', possible loss of data
C:\Users\Kenneth Tran\Documents\CSE 170\BasicOpenGLProject\BasicOpenGLProject\main.cpp(656,56): warning C4244: 'argument': conversion from 'double' to 'GLfloat', possible loss of data
C:\Users\Kenneth Tran\Documents\CSE 170\BasicOpenGLProject\BasicOpenGLProject\main.cpp(659,30): warning C4244: 'argument': conversion from 'double' to 'GLfloat', possible loss of data
C:\Users\Kenneth Tran\Documents\CSE 170\BasicOpenGLProject\BasicOpenGLProject\main.cpp(658,56): warning C4244: 'argument': conversion from 'double' to 'GLfloat', possible loss of data
C:\Users\Kenneth Tran\Documents\CSE 170\BasicOpenGLProject\BasicOpenGLProject\main.cpp(661,30): warning C4244: 'argument': conversion from 'double' to 'GLfloat', possible loss of data
C:\Users\Kenneth Tran\Documents\CSE 170\BasicOpenGLProject\BasicOpenGLProject\main.cpp(660,58): warning C4244: 'argument': conversion from 'double' to 'GLfloat', possible loss of data
C:\Users\Kenneth Tran\Documents\CSE 170\BasicOpenGLProject\BasicOpenGLProject\main.cpp(668,30): warning C4244: 'argument': conversion from 'double' to 'GLfloat', possible loss of data
C:\Users\Kenneth Tran\Documents\CSE 170\BasicOpenGLProject\BasicOpenGLProject\main.cpp(667,58): warning C4244: 'argument': conversion from 'double' to 'GLfloat', possible loss of data
C:\Users\Kenneth Tran\Documents\CSE 170\BasicOpenGLProject\BasicOpenGLProject\main.cpp(670,32): warning C4244: 'argument': conversion from 'double' to 'GLfloat', possible loss of data
C:\Users\Kenneth Tran\Documents\CSE 170\BasicOpenGLProject\BasicOpenGLProject\main.cpp(669,58): warning C4244: 'argument': conversion from 'double' to 'GLfloat', possible loss of data
C:\Users\Kenneth Tran\Documents\CSE 170\BasicOpenGLProject\BasicOpenGLProject\main.cpp(672,30): warning C4244: 'argument': conversion from 'double' to 'GLfloat', possible loss of data
C:\Users\Kenneth Tran\Documents\CSE 170\BasicOpenGLProject\BasicOpenGLProject\main.cpp(671,57): warning C4244: 'argument': conversion from 'double' to 'GLfloat', possible loss of data
C:\Users\Kenneth Tran\Documents\CSE 170\BasicOpenGLProject\BasicOpenGLProject\main.cpp(679,32): warning C4244: 'argument': conversion from 'double' to 'GLfloat', possible loss of data
C:\Users\Kenneth Tran\Documents\CSE 170\BasicOpenGLProject\BasicOpenGLProject\main.cpp(678,58): warning C4244: 'argument': conversion from 'double' to 'GLfloat', possible loss of data
C:\Users\Kenneth Tran\Documents\CSE 170\BasicOpenGLProject\BasicOpenGLProject\main.cpp(681,32): warning C4244: 'argument': conversion from 'double' to 'GLfloat', possible loss of data
C:\Users\Kenneth Tran\Documents\CSE 170\BasicOpenGLProject\BasicOpenGLProject\main.cpp(680,57): warning C4244: 'argument': conversion from 'double' to 'GLfloat', possible loss of data
C:\Users\Kenneth Tran\Documents\CSE 170\BasicOpenGLProject\BasicOpenGLProject\main.cpp(683,30): warning C4244: 'argument': conversion from 'double' to 'GLfloat', possible loss of data
C:\Users\Kenneth Tran\Documents\CSE 170\BasicOpenGLProject\BasicOpenGLProject\main.cpp(682,57): warning C4244: 'argument': conversion from 'double' to 'GLfloat', possible loss of data
C:\Users\Kenneth Tran\Documents\CSE 170\BasicOpenGLProject\BasicOpenGLProject\main.cpp(690,30): warning C4244: 'argument': conversion from 'double' to 'GLfloat', possible loss of data
C:\Users\Kenneth Tran\Documents\CSE 170\BasicOpenGLProject\BasicOpenGLProject\main.cpp(689,58): warning C4244: 'argument': conversion from 'double' to 'GLfloat', possible loss of data
C:\Users\Kenneth Tran\Documents\CSE 170\BasicOpenGLProject\BasicOpenGLProject\main.cpp(692,32): warning C4244: 'argument': conversion from 'double' to 'GLfloat', possible loss of data
C:\Users\Kenneth Tran\Documents\CSE 170\BasicOpenGLProject\BasicOpenGLProject\main.cpp(691,58): warning C4244: 'argument': conversion from 'double' to 'GLfloat', possible loss of data
C:\Users\Kenneth Tran\Documents\CSE 170\BasicOpenGLProject\BasicOpenGLProject\main.cpp(694,30): warning C4244: 'argument': conversion from 'double' to 'GLfloat', possible loss of data
C:\Users\Kenneth Tran\Documents\CSE 170\BasicOpenGLProject\BasicOpenGLProject\main.cpp(693,57): warning C4244: 'argument': conversion from 'double' to 'GLfloat', possible loss of data
C:\Users\Kenneth Tran\Documents\CSE 170\BasicOpenGLProject\BasicOpenGLProject\main.cpp(701,32): warning C4244: 'argument': conversion from 'double' to 'GLfloat', possible loss of data
C:\Users\Kenneth Tran\Documents\CSE 170\BasicOpenGLProject\BasicOpenGLProject\main.cpp(700,58): warning C4244: 'argument': conversion from 'double' to 'GLfloat', possible loss of data
C:\Users\Kenneth Tran\Documents\CSE 170\BasicOpenGLProject\BasicOpenGLProject\main.cpp(703,32): warning C4244: 'argument': conversion from 'double' to 'GLfloat', possible loss of data
C:\Users\Kenneth Tran\Documents\CSE 170\BasicOpenGLProject\BasicOpenGLProject\main.cpp(702,57): warning C4244: 'argument': conversion from 'double' to 'GLfloat', possible loss of data
C:\Users\Kenneth Tran\Documents\CSE 170\BasicOpenGLProject\BasicOpenGLProject\main.cpp(705,30): warning C4244: 'argument': conversion from 'double' to 'GLfloat', possible loss of data
C:\Users\Kenneth Tran\Documents\CSE 170\BasicOpenGLProject\BasicOpenGLProject\main.cpp(704,57): warning C4244: 'argument': conversion from 'double' to 'GLfloat', possible loss of data
C:\Users\Kenneth Tran\Documents\CSE 170\BasicOpenGLProject\BasicOpenGLProject\main.cpp(712,32): warning C4244: 'argument': conversion from 'double' to 'GLfloat', possible loss of data
C:\Users\Kenneth Tran\Documents\CSE 170\BasicOpenGLProject\BasicOpenGLProject\main.cpp(711,58): warning C4244: 'argument': conversion from 'double' to 'GLfloat', possible loss of data
C:\Users\Kenneth Tran\Documents\CSE 170\BasicOpenGLProject\BasicOpenGLProject\main.cpp(714,32): warning C4244: 'argument': conversion from 'double' to 'GLfloat', possible loss of data
C:\Users\Kenneth Tran\Documents\CSE 170\BasicOpenGLProject\BasicOpenGLProject\main.cpp(713,58): warning C4244: 'argument': conversion from 'double' to 'GLfloat', possible loss of data
C:\Users\Kenneth Tran\Documents\CSE 170\BasicOpenGLProject\BasicOpenGLProject\main.cpp(716,32): warning C4244: 'argument': conversion from 'double' to 'GLfloat', possible loss of data
C:\Users\Kenneth Tran\Documents\CSE 170\BasicOpenGLProject\BasicOpenGLProject\main.cpp(715,57): warning C4244: 'argument': conversion from 'double' to 'GLfloat', possible loss of data
C:\Users\Kenneth Tran\Documents\CSE 170\BasicOpenGLProject\BasicOpenGLProject\main.cpp(723,32): warning C4244: 'argument': conversion from 'double' to 'GLfloat', possible loss of data
C:\Users\Kenneth Tran\Documents\CSE 170\BasicOpenGLProject\BasicOpenGLProject\main.cpp(722,58): warning C4244: 'argument': conversion from 'double' to 'GLfloat', possible loss of data
C:\Users\Kenneth Tran\Documents\CSE 170\BasicOpenGLProject\BasicOpenGLProject\main.cpp(725,32): warning C4244: 'argument': conversion from 'double' to 'GLfloat', possible loss of data
C:\Users\Kenneth Tran\Documents\CSE 170\BasicOpenGLProject\BasicOpenGLProject\main.cpp(724,57): warning C4244: 'argument': conversion from 'double' to 'GLfloat', possible loss of data
C:\Users\Kenneth Tran\Documents\CSE 170\BasicOpenGLProject\BasicOpenGLProject\main.cpp(727,32): warning C4244: 'argument': conversion from 'double' to 'GLfloat', possible loss of data
C:\Users\Kenneth Tran\Documents\CSE 170\BasicOpenGLProject\BasicOpenGLProject\main.cpp(726,57): warning C4244: 'argument': conversion from 'double' to 'GLfloat', possible loss of data
C:\Users\Kenneth Tran\Documents\CSE 170\BasicOpenGLProject\BasicOpenGLProject\main.cpp(737,30): warning C4244: 'argument': conversion from 'double' to 'GLfloat', possible loss of data
C:\Users\Kenneth Tran\Documents\CSE 170\BasicOpenGLProject\BasicOpenGLProject\main.cpp(736,57): warning C4244: 'argument': conversion from 'double' to 'GLfloat', possible loss of data
C:\Users\Kenneth Tran\Documents\CSE 170\BasicOpenGLProject\BasicOpenGLProject\main.cpp(739,32): warning C4244: 'argument': conversion from 'double' to 'GLfloat', possible loss of data
C:\Users\Kenneth Tran\Documents\CSE 170\BasicOpenGLProject\BasicOpenGLProject\main.cpp(738,55): warning C4244: 'argument': conversion from 'double' to 'GLfloat', possible loss of data
C:\Users\Kenneth Tran\Documents\CSE 170\BasicOpenGLProject\BasicOpenGLProject\main.cpp(741,30): warning C4244: 'argument': conversion from 'double' to 'GLfloat', possible loss of data
C:\Users\Kenneth Tran\Documents\CSE 170\BasicOpenGLProject\BasicOpenGLProject\main.cpp(740,55): warning C4244: 'argument': conversion from 'double' to 'GLfloat', possible loss of data
C:\Users\Kenneth Tran\Documents\CSE 170\BasicOpenGLProject\BasicOpenGLProject\main.cpp(748,30): warning C4244: 'argument': conversion from 'double' to 'GLfloat', possible loss of data
C:\Users\Kenneth Tran\Documents\CSE 170\BasicOpenGLProject\BasicOpenGLProject\main.cpp(747,57): warning C4244: 'argument': conversion from 'double' to 'GLfloat', possible loss of data
C:\Users\Kenneth Tran\Documents\CSE 170\BasicOpenGLProject\BasicOpenGLProject\main.cpp(750,32): warning C4244: 'argument': conversion from 'double' to 'GLfloat', possible loss of data
C:\Users\Kenneth Tran\Documents\CSE 170\BasicOpenGLProject\BasicOpenGLProject\main.cpp(749,57): warning C4244: 'argument': conversion from 'double' to 'GLfloat', possible loss of data
C:\Users\Kenneth Tran\Documents\CSE 170\BasicOpenGLProject\BasicOpenGLProject\main.cpp(752,32): warning C4244: 'argument': conversion from 'double' to 'GLfloat', possible loss of data
C:\Users\Kenneth Tran\Documents\CSE 170\BasicOpenGLProject\BasicOpenGLProject\main.cpp(751,55): warning C4244: 'argument': conversion from 'double' to 'GLfloat', possible loss of data
C:\Users\Kenneth Tran\Documents\CSE 170\BasicOpenGLProject\BasicOpenGLProject\main.cpp(759,32): warning C4244: 'argument': conversion from 'double' to 'GLfloat', possible loss of data
C:\Users\Kenneth Tran\Documents\CSE 170\BasicOpenGLProject\BasicOpenGLProject\main.cpp(758,55): warning C4244: 'argument': conversion from 'double' to 'GLfloat', possible loss of data
C:\Users\Kenneth Tran\Documents\CSE 170\BasicOpenGLProject\BasicOpenGLProject\main.cpp(761,30): warning C4244: 'argument': conversion from 'double' to 'GLfloat', possible loss of data
C:\Users\Kenneth Tran\Documents\CSE 170\BasicOpenGLProject\BasicOpenGLProject\main.cpp(760,55): warning C4244: 'argument': conversion from 'double' to 'GLfloat', possible loss of data
C:\Users\Kenneth Tran\Documents\CSE 170\BasicOpenGLProject\BasicOpenGLProject\main.cpp(763,32): warning C4244: 'argument': conversion from 'double' to 'GLfloat', possible loss of data
C:\Users\Kenneth Tran\Documents\CSE 170\BasicOpenGLProject\BasicOpenGLProject\main.cpp(762,57): warning C4244: 'argument': conversion from 'double' to 'GLfloat', possible loss of data
C:\Users\Kenneth Tran\Documents\CSE 170\BasicOpenGLProject\BasicOpenGLProject\main.cpp(769,32): warning C4244: 'argument': conversion from 'double' to 'GLfloat', possible loss of data
C:\Users\Kenneth Tran\Documents\CSE 170\BasicOpenGLProject\BasicOpenGLProject\main.cpp(768,57): warning C4244: 'argument': conversion from 'double' to 'GLfloat', possible loss of data
C:\Users\Kenneth Tran\Documents\CSE 170\BasicOpenGLProject\BasicOpenGLProject\main.cpp(771,30): warning C4244: 'argument': conversion from 'double' to 'GLfloat', possible loss of data
C:\Users\Kenneth Tran\Documents\CSE 170\BasicOpenGLProject\BasicOpenGLProject\main.cpp(770,57): warning C4244: 'argument': conversion from 'double' to 'GLfloat', possible loss of data
C:\Users\Kenneth Tran\Documents\CSE 170\BasicOpenGLProject\BasicOpenGLProject\main.cpp(773,30): warning C4244: 'argument': conversion from 'double' to 'GLfloat', possible loss of data
C:\Users\Kenneth Tran\Documents\CSE 170\BasicOpenGLProject\BasicOpenGLProject\main.cpp(772,55): warning C4244: 'argument': conversion from 'double' to 'GLfloat', possible loss of data
C:\Users\Kenneth Tran\Documents\CSE 170\BasicOpenGLProject\BasicOpenGLProject\main.cpp(784,30): warning C4244: 'argument': conversion from 'double' to 'GLfloat', possible loss of data
C:\Users\Kenneth Tran\Documents\CSE 170\BasicOpenGLProject\BasicOpenGLProject\main.cpp(783,55): warning C4244: 'argument': conversion from 'double' to 'GLfloat', possible loss of data
C:\Users\Kenneth Tran\Documents\CSE 170\BasicOpenGLProject\BasicOpenGLProject\main.cpp(786,30): warning C4244: 'argument': conversion from 'double' to 'GLfloat', possible loss of data
C:\Users\Kenneth Tran\Documents\CSE 170\BasicOpenGLProject\BasicOpenGLProject\main.cpp(785,57): warning C4244: 'argument': conversion from 'double' to 'GLfloat', possible loss of data
C:\Users\Kenneth Tran\Documents\CSE 170\BasicOpenGLProject\BasicOpenGLProject\main.cpp(788,30): warning C4244: 'argument': conversion from 'double' to 'GLfloat', possible loss of data
C:\Users\Kenneth Tran\Documents\CSE 170\BasicOpenGLProject\BasicOpenGLProject\main.cpp(787,57): warning C4244: 'argument': conversion from 'double' to 'GLfloat', possible loss of data
C:\Users\Kenneth Tran\Documents\CSE 170\BasicOpenGLProject\BasicOpenGLProject\main.cpp(794,30): warning C4244: 'argument': conversion from 'double' to 'GLfloat', possible loss of data
C:\Users\Kenneth Tran\Documents\CSE 170\BasicOpenGLProject\BasicOpenGLProject\main.cpp(793,55): warning C4244: 'argument': conversion from 'double' to 'GLfloat', possible loss of data
C:\Users\Kenneth Tran\Documents\CSE 170\BasicOpenGLProject\BasicOpenGLProject\main.cpp(796,30): warning C4244: 'argument': conversion from 'double' to 'GLfloat', possible loss of data
C:\Users\Kenneth Tran\Documents\CSE 170\BasicOpenGLProject\BasicOpenGLProject\main.cpp(795,55): warning C4244: 'argument': conversion from 'double' to 'GLfloat', possible loss of data
C:\Users\Kenneth Tran\Documents\CSE 170\BasicOpenGLProject\BasicOpenGLProject\main.cpp(798,30): warning C4244: 'argument': conversion from 'double' to 'GLfloat', possible loss of data
C:\Users\Kenneth Tran\Documents\CSE 170\BasicOpenGLProject\BasicOpenGLProject\main.cpp(797,57): warning C4244: 'argument': conversion from 'double' to 'GLfloat', possible loss of data
C:\Users\Kenneth Tran\Documents\CSE 170\BasicOpenGLProject\BasicOpenGLProject\main.cpp(805,30): warning C4244: 'argument': conversion from 'double' to 'GLfloat', possible loss of data
C:\Users\Kenneth Tran\Documents\CSE 170\BasicOpenGLProject\BasicOpenGLProject\main.cpp(804,55): warning C4244: 'argument': conversion from 'double' to 'GLfloat', possible loss of data
C:\Users\Kenneth Tran\Documents\CSE 170\BasicOpenGLProject\BasicOpenGLProject\main.cpp(807,30): warning C4244: 'argument': conversion from 'double' to 'GLfloat', possible loss of data
C:\Users\Kenneth Tran\Documents\CSE 170\BasicOpenGLProject\BasicOpenGLProject\main.cpp(806,57): warning C4244: 'argument': conversion from 'double' to 'GLfloat', possible loss of data
C:\Users\Kenneth Tran\Documents\CSE 170\BasicOpenGLProject\BasicOpenGLProject\main.cpp(809,30): warning C4244: 'argument': conversion from 'double' to 'GLfloat', possible loss of data
C:\Users\Kenneth Tran\Documents\CSE 170\BasicOpenGLProject\BasicOpenGLProject\main.cpp(808,57): warning C4244: 'argument': conversion from 'double' to 'GLfloat', possible loss of data
C:\Users\Kenneth Tran\Documents\CSE 170\BasicOpenGLProject\BasicOpenGLProject\main.cpp(815,30): warning C4244: 'argument': conversion from 'double' to 'GLfloat', possible loss of data
C:\Users\Kenneth Tran\Documents\CSE 170\BasicOpenGLProject\BasicOpenGLProject\main.cpp(814,55): warning C4244: 'argument': conversion from 'double' to 'GLfloat', possible loss of data
C:\Users\Kenneth Tran\Documents\CSE 170\BasicOpenGLProject\BasicOpenGLProject\main.cpp(817,30): warning C4244: 'argument': conversion from 'double' to 'GLfloat', possible loss of data
C:\Users\Kenneth Tran\Documents\CSE 170\BasicOpenGLProject\BasicOpenGLProject\main.cpp(816,55): warning C4244: 'argument': conversion from 'double' to 'GLfloat', possible loss of data
C:\Users\Kenneth Tran\Documents\CSE 170\BasicOpenGLProject\BasicOpenGLProject\main.cpp(819,30): warning C4244: 'argument': conversion from 'double' to 'GLfloat', possible loss of data
C:\Users\Kenneth Tran\Documents\CSE 170\BasicOpenGLProject\BasicOpenGLProject\main.cpp(818,57): warning C4244: 'argument': conversion from 'double' to 'GLfloat', possible loss of data
C:\Users\Kenneth Tran\Documents\CSE 170\BasicOpenGLProject\BasicOpenGLProject\main.cpp(826,32): warning C4244: 'argument': conversion from 'double' to 'GLfloat', possible loss of data
C:\Users\Kenneth Tran\Documents\CSE 170\BasicOpenGLProject\BasicOpenGLProject\main.cpp(825,57): warning C4244: 'argument': conversion from 'double' to 'GLfloat', possible loss of data
C:\Users\Kenneth Tran\Documents\CSE 170\BasicOpenGLProject\BasicOpenGLProject\main.cpp(828,32): warning C4244: 'argument': conversion from 'double' to 'GLfloat', possible loss of data
C:\Users\Kenneth Tran\Documents\CSE 170\BasicOpenGLProject\BasicOpenGLProject\main.cpp(827,57): warning C4244: 'argument': conversion from 'double' to 'GLfloat', possible loss of data
C:\Users\Kenneth Tran\Documents\CSE 170\BasicOpenGLProject\BasicOpenGLProject\main.cpp(830,32): warning C4244: 'argument': conversion from 'double' to 'GLfloat', possible loss of data
C:\Users\Kenneth Tran\Documents\CSE 170\BasicOpenGLProject\BasicOpenGLProject\main.cpp(829,55): warning C4244: 'argument': conversion from 'double' to 'GLfloat', possible loss of data
C:\Users\Kenneth Tran\Documents\CSE 170\BasicOpenGLProject\BasicOpenGLProject\main.cpp(837,32): warning C4244: 'argument': conversion from 'double' to 'GLfloat', possible loss of data
C:\Users\Kenneth Tran\Documents\CSE 170\BasicOpenGLProject\BasicOpenGLProject\main.cpp(836,57): warning C4244: 'argument': conversion from 'double' to 'GLfloat', possible loss of data
C:\Users\Kenneth Tran\Documents\CSE 170\BasicOpenGLProject\BasicOpenGLProject\main.cpp(839,32): warning C4244: 'argument': conversion from 'double' to 'GLfloat', possible loss of data
C:\Users\Kenneth Tran\Documents\CSE 170\BasicOpenGLProject\BasicOpenGLProject\main.cpp(838,55): warning C4244: 'argument': conversion from 'double' to 'GLfloat', possible loss of data
C:\Users\Kenneth Tran\Documents\CSE 170\BasicOpenGLProject\BasicOpenGLProject\main.cpp(841,32): warning C4244: 'argument': conversion from 'double' to 'GLfloat', possible loss of data
C:\Users\Kenneth Tran\Documents\CSE 170\BasicOpenGLProject\BasicOpenGLProject\main.cpp(840,55): warning C4244: 'argument': conversion from 'double' to 'GLfloat', possible loss of data
  BasicOpenGLProject.vcxproj -> C:\Users\Kenneth Tran\Documents\CSE 170\BasicOpenGLProject\x64\Debug\BasicOpenGLProject.exe
